<html>
<head>
<title>TestNG:  Default test</title>
<link href="../testng.css" rel="stylesheet" type="text/css" />
<link href="../my-testng.css" rel="stylesheet" type="text/css" />

<style type="text/css">
.log { display: none;} 
.stack-trace { display: none;} 
</style>
<script type="text/javascript">
<!--
function flip(e) {
  current = e.style.display;
  if (current == 'block') {
    e.style.display = 'none';
    return 0;
  }
  else {
    e.style.display = 'block';
    return 1;
  }
}

function toggleBox(szDivId, elem, msg1, msg2)
{
  var res = -1;  if (document.getElementById) {
    res = flip(document.getElementById(szDivId));
  }
  else if (document.all) {
    // this is the way old msie versions work
    res = flip(document.all[szDivId]);
  }
  if(elem) {
    if(res == 0) elem.innerHTML = msg1; else elem.innerHTML = msg2;
  }

}

function toggleAllBoxes() {
  if (document.getElementsByTagName) {
    d = document.getElementsByTagName('div');
    for (i = 0; i < d.length; i++) {
      if (d[i].className == 'log') {
        flip(d[i]);
      }
    }
  }
}

// -->
</script>

</head>
<body>
<h2 align='center'>Default test</h2><table border='1' align="center">
<tr>
<td>Tests passed/Failed/Skipped:</td><td>45/1/0</td>
</tr><tr>
<td>Started on:</td><td>Fri Mar 12 17:30:11 PKT 2021</td>
</tr>
<tr><td>Total time:</td><td>445 seconds (445464 ms)</td>
</tr><tr>
<td>Included groups:</td><td></td>
</tr><tr>
<td>Excluded groups:</td><td></td>
</tr>
</table><p/>
<small><i>(Hover the method name to see the test class name)</i></small><p/>
<table width='100%' border='1' class='invocation-failed'>
<tr><td colspan='4' align='center'><b>FAILED TESTS</b></td></tr>
<tr><td><b>Test method</b></td>
<td width="30%"><b>Exception</b></td>
<td width="10%"><b>Time (seconds)</b></td>
<td><b>Instance</b></td>
</tr>
<tr>
<td title='Master.ExecutionFile.Chat()'><b>Chat</b><br>Test class: Master.ExecutionFile</td>
<td><div><pre>org.openqa.selenium.NoSuchElementException: no such element: Unable to locate element: {&quot;method&quot;:&quot;xpath&quot;,&quot;selector&quot;:&quot;//div[contains(text(), &apos;Your favourite added successfully.&apos;)]&quot;}
  (Session info: chrome=89.0.4389.82)
For documentation on this error, please visit: https://www.seleniumhq.org/exceptions/no_such_element.html
Build info: version: &apos;3.141.59&apos;, revision: &apos;e82be7d358&apos;, time: &apos;2018-11-14T08:17:03&apos;
System info: host: &apos;MACPK-WKS-0132&apos;, ip: &apos;172.25.178.139&apos;, os.name: &apos;Windows 10&apos;, os.arch: &apos;amd64&apos;, os.version: &apos;10.0&apos;, java.version: &apos;12.0.2&apos;
Driver info: org.openqa.selenium.chrome.ChromeDriver
Capabilities {acceptInsecureCerts: false, browserName: chrome, browserVersion: 89.0.4389.82, chrome: {chromedriverVersion: 89.0.4389.23 (61b08ee2c5002..., userDataDir: C:\Users\MUHAMM~1.IFT\AppDa...}, goog:chromeOptions: {debuggerAddress: localhost:50826}, javascriptEnabled: true, networkConnectionEnabled: false, pageLoadStrategy: normal, platform: WINDOWS, platformName: WINDOWS, proxy: Proxy(), setWindowRect: true, strictFileInteractability: false, timeouts: {implicit: 0, pageLoad: 300000, script: 30000}, unhandledPromptBehavior: dismiss and notify, webauthn:extension:largeBlob: true, webauthn:virtualAuthenticators: true}
Session ID: ce8205db47caff242066525f30e2048a
*** Element info: {Using=xpath, value=//div[contains(text(), &apos;Your favourite added successfully.&apos;)]}
	at java.base/jdk.internal.reflect.NativeConstructorAccessorImpl.newInstance0(Native Method)
	at java.base/jdk.internal.reflect.NativeConstructorAccessorImpl.newInstance(NativeConstructorAccessorImpl.java:62)
	at java.base/jdk.internal.reflect.DelegatingConstructorAccessorImpl.newInstance(DelegatingConstructorAccessorImpl.java:45)
	at java.base/java.lang.reflect.Constructor.newInstanceWithCaller(Constructor.java:500)
	at java.base/java.lang.reflect.Constructor.newInstance(Constructor.java:481)
	at org.openqa.selenium.remote.http.W3CHttpResponseCodec.createException(W3CHttpResponseCodec.java:187)
	at org.openqa.selenium.remote.http.W3CHttpResponseCodec.decode(W3CHttpResponseCodec.java:122)
	at org.openqa.selenium.remote.http.W3CHttpResponseCodec.decode(W3CHttpResponseCodec.java:49)
	at org.openqa.selenium.remote.HttpCommandExecutor.execute(HttpCommandExecutor.java:158)
	at org.openqa.selenium.remote.service.DriverCommandExecutor.execute(DriverCommandExecutor.java:83)
	at org.openqa.selenium.remote.RemoteWebDriver.execute(RemoteWebDriver.java:552)
	at org.openqa.selenium.remote.RemoteWebDriver.findElement(RemoteWebDriver.java:323)
	at org.openqa.selenium.remote.RemoteWebDriver.findElementByXPath(RemoteWebDriver.java:428)
	at org.openqa.selenium.By$ByXPath.findElement(By.java:353)
	at org.openqa.selenium.remote.RemoteWebDriver.findElement(RemoteWebDriver.java:315)
	at org.openqa.selenium.support.pagefactory.DefaultElementLocator.findElement(DefaultElementLocator.java:70)
	at org.openqa.selenium.support.pagefactory.internal.LocatingElementHandler.invoke(LocatingElementHandler.java:39)
	at com.sun.proxy.$Proxy15.isDisplayed(Unknown Source)
	at TestCases.Chat.chat(Chat.java:47)
	at Master.ExecutionFile.Chat(ExecutionFile.java:148)
	at java.base/jdk.internal.reflect.NativeMethodAccessorImpl.invoke0(Native Method)
	at java.base/jdk.internal.reflect.NativeMethodAccessorImpl.invoke(NativeMethodAccessorImpl.java:62)
	at java.base/jdk.internal.reflect.DelegatingMethodAccessorImpl.invoke(DelegatingMethodAccessorImpl.java:43)
	at java.base/java.lang.reflect.Method.invoke(Method.java:567)
	at org.testng.internal.MethodInvocationHelper.invokeMethod(MethodInvocationHelper.java:133)
	at org.testng.internal.TestInvoker.invokeMethod(TestInvoker.java:584)
	at org.testng.internal.TestInvoker.invokeTestMethod(TestInvoker.java:172)
	at org.testng.internal.MethodRunner.runInSequence(MethodRunner.java:46)
	at org.testng.internal.TestInvoker$MethodInvocationAgent.invoke(TestInvoker.java:804)
	at org.testng.internal.TestInvoker.invokeTestMethods(TestInvoker.java:145)
	at org.testng.internal.TestMethodWorker.invokeTestMethods(TestMethodWorker.java:146)
	at org.testng.internal.TestMethodWorker.run(TestMethodWorker.java:128)
	at java.base/java.util.ArrayList.forEach(ArrayList.java:1540)
	at org.testng.TestRunner.privateRun(TestRunner.java:770)
	at org.testng.TestRunner.run(TestRunner.java:591)
	at org.testng.SuiteRunner.runTest(SuiteRunner.java:402)
	at org.testng.SuiteRunner.runSequentially(SuiteRunner.java:396)
	at org.testng.SuiteRunner.privateRun(SuiteRunner.java:355)
	at org.testng.SuiteRunner.run(SuiteRunner.java:304)
	at org.testng.SuiteRunnerWorker.runSuite(SuiteRunnerWorker.java:53)
	at org.testng.SuiteRunnerWorker.run(SuiteRunnerWorker.java:96)
	at org.testng.TestNG.runSuitesSequentially(TestNG.java:1180)
	at org.testng.TestNG.runSuitesLocally(TestNG.java:1102)
	at org.testng.TestNG.runSuites(TestNG.java:1032)
	at org.testng.TestNG.run(TestNG.java:1000)
	at org.testng.remote.AbstractRemoteTestNG.run(AbstractRemoteTestNG.java:115)
	at org.testng.remote.RemoteTestNG.initAndRun(RemoteTestNG.java:251)
	at org.testng.remote.RemoteTestNG.main(RemoteTestNG.java:77)
</pre></div><a href='#' onClick='toggleBox("stack-trace1294333974", this, "Click to show all stack frames", "Click to hide stack frames")'>Click to show all stack frames</a>
<div class='stack-trace' id='stack-trace1294333974'><pre>org.openqa.selenium.NoSuchElementException: no such element: Unable to locate element: {&quot;method&quot;:&quot;xpath&quot;,&quot;selector&quot;:&quot;//div[contains(text(), &apos;Your favourite added successfully.&apos;)]&quot;}
  (Session info: chrome=89.0.4389.82)
For documentation on this error, please visit: https://www.seleniumhq.org/exceptions/no_such_element.html
Build info: version: &apos;3.141.59&apos;, revision: &apos;e82be7d358&apos;, time: &apos;2018-11-14T08:17:03&apos;
System info: host: &apos;MACPK-WKS-0132&apos;, ip: &apos;172.25.178.139&apos;, os.name: &apos;Windows 10&apos;, os.arch: &apos;amd64&apos;, os.version: &apos;10.0&apos;, java.version: &apos;12.0.2&apos;
Driver info: org.openqa.selenium.chrome.ChromeDriver
Capabilities {acceptInsecureCerts: false, browserName: chrome, browserVersion: 89.0.4389.82, chrome: {chromedriverVersion: 89.0.4389.23 (61b08ee2c5002..., userDataDir: C:\Users\MUHAMM~1.IFT\AppDa...}, goog:chromeOptions: {debuggerAddress: localhost:50826}, javascriptEnabled: true, networkConnectionEnabled: false, pageLoadStrategy: normal, platform: WINDOWS, platformName: WINDOWS, proxy: Proxy(), setWindowRect: true, strictFileInteractability: false, timeouts: {implicit: 0, pageLoad: 300000, script: 30000}, unhandledPromptBehavior: dismiss and notify, webauthn:extension:largeBlob: true, webauthn:virtualAuthenticators: true}
Session ID: ce8205db47caff242066525f30e2048a
*** Element info: {Using=xpath, value=//div[contains(text(), &apos;Your favourite added successfully.&apos;)]}
	at java.base/jdk.internal.reflect.NativeConstructorAccessorImpl.newInstance0(Native Method)
	at java.base/jdk.internal.reflect.NativeConstructorAccessorImpl.newInstance(NativeConstructorAccessorImpl.java:62)
	at java.base/jdk.internal.reflect.DelegatingConstructorAccessorImpl.newInstance(DelegatingConstructorAccessorImpl.java:45)
	at java.base/java.lang.reflect.Constructor.newInstanceWithCaller(Constructor.java:500)
	at java.base/java.lang.reflect.Constructor.newInstance(Constructor.java:481)
	at org.openqa.selenium.remote.http.W3CHttpResponseCodec.createException(W3CHttpResponseCodec.java:187)
	at org.openqa.selenium.remote.http.W3CHttpResponseCodec.decode(W3CHttpResponseCodec.java:122)
	at org.openqa.selenium.remote.http.W3CHttpResponseCodec.decode(W3CHttpResponseCodec.java:49)
	at org.openqa.selenium.remote.HttpCommandExecutor.execute(HttpCommandExecutor.java:158)
	at org.openqa.selenium.remote.service.DriverCommandExecutor.execute(DriverCommandExecutor.java:83)
	at org.openqa.selenium.remote.RemoteWebDriver.execute(RemoteWebDriver.java:552)
	at org.openqa.selenium.remote.RemoteWebDriver.findElement(RemoteWebDriver.java:323)
	at org.openqa.selenium.remote.RemoteWebDriver.findElementByXPath(RemoteWebDriver.java:428)
	at org.openqa.selenium.By$ByXPath.findElement(By.java:353)
	at org.openqa.selenium.remote.RemoteWebDriver.findElement(RemoteWebDriver.java:315)
	at org.openqa.selenium.support.pagefactory.DefaultElementLocator.findElement(DefaultElementLocator.java:70)
	at org.openqa.selenium.support.pagefactory.internal.LocatingElementHandler.invoke(LocatingElementHandler.java:39)
	at com.sun.proxy.$Proxy15.isDisplayed(Unknown Source)
	at TestCases.Chat.chat(Chat.java:47)
	at Master.ExecutionFile.Chat(ExecutionFile.java:148)
	at java.base/jdk.internal.reflect.NativeMethodAccessorImpl.invoke0(Native Method)
	at java.base/jdk.internal.reflect.NativeMethodAccessorImpl.invoke(NativeMethodAccessorImpl.java:62)
	at java.base/jdk.internal.reflect.DelegatingMethodAccessorImpl.invoke(DelegatingMethodAccessorImpl.java:43)
	at java.base/java.lang.reflect.Method.invoke(Method.java:567)
	at org.testng.internal.MethodInvocationHelper.invokeMethod(MethodInvocationHelper.java:133)
	at org.testng.internal.TestInvoker.invokeMethod(TestInvoker.java:584)
	at org.testng.internal.TestInvoker.invokeTestMethod(TestInvoker.java:172)
	at org.testng.internal.MethodRunner.runInSequence(MethodRunner.java:46)
	at org.testng.internal.TestInvoker$MethodInvocationAgent.invoke(TestInvoker.java:804)
	at org.testng.internal.TestInvoker.invokeTestMethods(TestInvoker.java:145)
	at org.testng.internal.TestMethodWorker.invokeTestMethods(TestMethodWorker.java:146)
	at org.testng.internal.TestMethodWorker.run(TestMethodWorker.java:128)
	at java.base/java.util.ArrayList.forEach(ArrayList.java:1540)
	at org.testng.TestRunner.privateRun(TestRunner.java:770)
	at org.testng.TestRunner.run(TestRunner.java:591)
	at org.testng.SuiteRunner.runTest(SuiteRunner.java:402)
	at org.testng.SuiteRunner.runSequentially(SuiteRunner.java:396)
	at org.testng.SuiteRunner.privateRun(SuiteRunner.java:355)
	at org.testng.SuiteRunner.run(SuiteRunner.java:304)
	at org.testng.SuiteRunnerWorker.runSuite(SuiteRunnerWorker.java:53)
	at org.testng.SuiteRunnerWorker.run(SuiteRunnerWorker.java:96)
	at org.testng.TestNG.runSuitesSequentially(TestNG.java:1180)
	at org.testng.TestNG.runSuitesLocally(TestNG.java:1102)
	at org.testng.TestNG.runSuites(TestNG.java:1032)
	at org.testng.TestNG.run(TestNG.java:1000)
	at org.testng.remote.AbstractRemoteTestNG.run(AbstractRemoteTestNG.java:115)
	at org.testng.remote.RemoteTestNG.initAndRun(RemoteTestNG.java:251)
	at org.testng.remote.RemoteTestNG.main(RemoteTestNG.java:77)
</pre></div></td>
<td>49</td>
<td>Master.ExecutionFile@4445629</td></tr>
</table><p>
<table width='100%' border='1' class='invocation-passed'>
<tr><td colspan='4' align='center'><b>PASSED TESTS</b></td></tr>
<tr><td><b>Test method</b></td>
<td width="30%"><b>Exception</b></td>
<td width="10%"><b>Time (seconds)</b></td>
<td><b>Instance</b></td>
</tr>
<tr>
<td title='Master.ExecutionFile.ALoginApp()'><b>ALoginApp</b><br>Test class: Master.ExecutionFile</td>
<td></td>
<td>9</td>
<td>Master.ExecutionFile@4445629</td></tr>
<tr>
<td title='Master.ExecutionFile.AboutUsSupport()'><b>AboutUsSupport</b><br>Test class: Master.ExecutionFile</td>
<td></td>
<td>1</td>
<td>Master.ExecutionFile@4445629</td></tr>
<tr>
<td title='Master.ExecutionFile.AdvanceSearch()'><b>AdvanceSearch</b><br>Test class: Master.ExecutionFile</td>
<td></td>
<td>6</td>
<td>Master.ExecutionFile@4445629</td></tr>
<tr>
<td title='Master.ExecutionFile.BasicSearch()'><b>BasicSearch</b><br>Test class: Master.ExecutionFile</td>
<td></td>
<td>5</td>
<td>Master.ExecutionFile@4445629</td></tr>
<tr>
<td title='Master.ExecutionFile.ChatConversationsMessages()'><b>ChatConversationsMessages</b><br>Test class: Master.ExecutionFile</td>
<td></td>
<td>3</td>
<td>Master.ExecutionFile@4445629</td></tr>
<tr>
<td title='Master.ExecutionFile.ContactUsSupport()'><b>ContactUsSupport</b><br>Test class: Master.ExecutionFile</td>
<td></td>
<td>5</td>
<td>Master.ExecutionFile@4445629</td></tr>
<tr>
<td title='Master.ExecutionFile.Delete_User()'><b>Delete_User</b><br>Test class: Master.ExecutionFile</td>
<td></td>
<td>18</td>
<td>Master.ExecutionFile@4445629</td></tr>
<tr>
<td title='Master.ExecutionFile.EditAccount()'><b>EditAccount</b><br>Test class: Master.ExecutionFile</td>
<td></td>
<td>21</td>
<td>Master.ExecutionFile@4445629</td></tr>
<tr>
<td title='Master.ExecutionFile.EditPartner()'><b>EditPartner</b><br>Test class: Master.ExecutionFile</td>
<td></td>
<td>14</td>
<td>Master.ExecutionFile@4445629</td></tr>
<tr>
<td title='Master.ExecutionFile.EditPersonal()'><b>EditPersonal</b><br>Test class: Master.ExecutionFile</td>
<td></td>
<td>14</td>
<td>Master.ExecutionFile@4445629</td></tr>
<tr>
<td title='Master.ExecutionFile.EditPhotos()'><b>EditPhotos</b><br>Test class: Master.ExecutionFile</td>
<td></td>
<td>27</td>
<td>Master.ExecutionFile@4445629</td></tr>
<tr>
<td title='Master.ExecutionFile.EditSettings()'><b>EditSettings</b><br>Test class: Master.ExecutionFile</td>
<td></td>
<td>14</td>
<td>Master.ExecutionFile@4445629</td></tr>
<tr>
<td title='Master.ExecutionFile.EditVerification()'><b>EditVerification</b><br>Test class: Master.ExecutionFile</td>
<td></td>
<td>42</td>
<td>Master.ExecutionFile@4445629</td></tr>
<tr>
<td title='Master.ExecutionFile.EditVideos()'><b>EditVideos</b><br>Test class: Master.ExecutionFile</td>
<td></td>
<td>11</td>
<td>Master.ExecutionFile@4445629</td></tr>
<tr>
<td title='Master.ExecutionFile.Favours()'><b>Favours</b><br>Test class: Master.ExecutionFile</td>
<td></td>
<td>1</td>
<td>Master.ExecutionFile@4445629</td></tr>
<tr>
<td title='Master.ExecutionFile.FavoursMeProspects()'><b>FavoursMeProspects</b><br>Test class: Master.ExecutionFile</td>
<td></td>
<td>1</td>
<td>Master.ExecutionFile@4445629</td></tr>
<tr>
<td title='Master.ExecutionFile.FeaturedMembers()'><b>FeaturedMembers</b><br>Test class: Master.ExecutionFile</td>
<td></td>
<td>1</td>
<td>Master.ExecutionFile@4445629</td></tr>
<tr>
<td title='Master.ExecutionFile.ForgotPassword()'><b>ForgotPassword</b><br>Test class: Master.ExecutionFile</td>
<td></td>
<td>10</td>
<td>Master.ExecutionFile@4445629</td></tr>
<tr>
<td title='Master.ExecutionFile.HelpPagesSupport()'><b>HelpPagesSupport</b><br>Test class: Master.ExecutionFile</td>
<td></td>
<td>1</td>
<td>Master.ExecutionFile@4445629</td></tr>
<tr>
<td title='Master.ExecutionFile.Interests()'><b>Interests</b><br>Test class: Master.ExecutionFile</td>
<td></td>
<td>2</td>
<td>Master.ExecutionFile@4445629</td></tr>
<tr>
<td title='Master.ExecutionFile.LoginApp()'><b>LoginApp</b><br>Test class: Master.ExecutionFile</td>
<td></td>
<td>13</td>
<td>Master.ExecutionFile@4445629</td></tr>
<tr>
<td title='Master.ExecutionFile.Logout()'><b>Logout</b><br>Test class: Master.ExecutionFile</td>
<td></td>
<td>12</td>
<td>Master.ExecutionFile@4445629</td></tr>
<tr>
<td title='Master.ExecutionFile.Mail()'><b>Mail</b><br>Test class: Master.ExecutionFile</td>
<td></td>
<td>16</td>
<td>Master.ExecutionFile@4445629</td></tr>
<tr>
<td title='Master.ExecutionFile.MyBlockedProspects()'><b>MyBlockedProspects</b><br>Test class: Master.ExecutionFile</td>
<td></td>
<td>1</td>
<td>Master.ExecutionFile@4445629</td></tr>
<tr>
<td title='Master.ExecutionFile.MyMatchProspects()'><b>MyMatchProspects</b><br>Test class: Master.ExecutionFile</td>
<td></td>
<td>2</td>
<td>Master.ExecutionFile@4445629</td></tr>
<tr>
<td title='Master.ExecutionFile.MyViewedProspects()'><b>MyViewedProspects</b><br>Test class: Master.ExecutionFile</td>
<td></td>
<td>1</td>
<td>Master.ExecutionFile@4445629</td></tr>
<tr>
<td title='Master.ExecutionFile.NewestMembers()'><b>NewestMembers</b><br>Test class: Master.ExecutionFile</td>
<td></td>
<td>2</td>
<td>Master.ExecutionFile@4445629</td></tr>
<tr>
<td title='Master.ExecutionFile.Online()'><b>Online</b><br>Test class: Master.ExecutionFile</td>
<td></td>
<td>1</td>
<td>Master.ExecutionFile@4445629</td></tr>
<tr>
<td title='Master.ExecutionFile.OnlineMembers()'><b>OnlineMembers</b><br>Test class: Master.ExecutionFile</td>
<td></td>
<td>1</td>
<td>Master.ExecutionFile@4445629</td></tr>
<tr>
<td title='Master.ExecutionFile.OnlineSecuritySupport()'><b>OnlineSecuritySupport</b><br>Test class: Master.ExecutionFile</td>
<td></td>
<td>1</td>
<td>Master.ExecutionFile@4445629</td></tr>
<tr>
<td title='Master.ExecutionFile.PhotoGallery()'><b>PhotoGallery</b><br>Test class: Master.ExecutionFile</td>
<td></td>
<td>3</td>
<td>Master.ExecutionFile@4445629</td></tr>
<tr>
<td title='Master.ExecutionFile.Profile()'><b>Profile</b><br>Test class: Master.ExecutionFile</td>
<td></td>
<td>17</td>
<td>Master.ExecutionFile@4445629</td></tr>
<tr>
<td title='Master.ExecutionFile.ReceivedInterestsMessages()'><b>ReceivedInterestsMessages</b><br>Test class: Master.ExecutionFile</td>
<td></td>
<td>1</td>
<td>Master.ExecutionFile@4445629</td></tr>
<tr>
<td title='Master.ExecutionFile.Recent()'><b>Recent</b><br>Test class: Master.ExecutionFile</td>
<td></td>
<td>1</td>
<td>Master.ExecutionFile@4445629</td></tr>
<tr>
<td title='Master.ExecutionFile.RecentMembers()'><b>RecentMembers</b><br>Test class: Master.ExecutionFile</td>
<td></td>
<td>2</td>
<td>Master.ExecutionFile@4445629</td></tr>
<tr>
<td title='Master.ExecutionFile.RelationshipAdviceSupport()'><b>RelationshipAdviceSupport</b><br>Test class: Master.ExecutionFile</td>
<td></td>
<td>1</td>
<td>Master.ExecutionFile@4445629</td></tr>
<tr>
<td title='Master.ExecutionFile.SentInterestMessages()'><b>SentInterestMessages</b><br>Test class: Master.ExecutionFile</td>
<td></td>
<td>1</td>
<td>Master.ExecutionFile@4445629</td></tr>
<tr>
<td title='Master.ExecutionFile.SentMailMessages()'><b>SentMailMessages</b><br>Test class: Master.ExecutionFile</td>
<td></td>
<td>2</td>
<td>Master.ExecutionFile@4445629</td></tr>
<tr>
<td title='Master.ExecutionFile.SignUp()'><b>SignUp</b><br>Test class: Master.ExecutionFile</td>
<td></td>
<td>56</td>
<td>Master.ExecutionFile@4445629</td></tr>
<tr>
<td title='Master.ExecutionFile.TestimonialsSupport()'><b>TestimonialsSupport</b><br>Test class: Master.ExecutionFile</td>
<td></td>
<td>1</td>
<td>Master.ExecutionFile@4445629</td></tr>
<tr>
<td title='Master.ExecutionFile.VerifiedMembers()'><b>VerifiedMembers</b><br>Test class: Master.ExecutionFile</td>
<td></td>
<td>5</td>
<td>Master.ExecutionFile@4445629</td></tr>
<tr>
<td title='Master.ExecutionFile.VideoGallery()'><b>VideoGallery</b><br>Test class: Master.ExecutionFile</td>
<td></td>
<td>1</td>
<td>Master.ExecutionFile@4445629</td></tr>
<tr>
<td title='Master.ExecutionFile.Viewed()'><b>Viewed</b><br>Test class: Master.ExecutionFile</td>
<td></td>
<td>1</td>
<td>Master.ExecutionFile@4445629</td></tr>
<tr>
<td title='Master.ExecutionFile.ViewedMeProspects()'><b>ViewedMeProspects</b><br>Test class: Master.ExecutionFile</td>
<td></td>
<td>1</td>
<td>Master.ExecutionFile@4445629</td></tr>
<tr>
<td title='Master.ExecutionFile.mMFavouritesProspects()'><b>mMFavouritesProspects</b><br>Test class: Master.ExecutionFile</td>
<td></td>
<td>1</td>
<td>Master.ExecutionFile@4445629</td></tr>
</table><p>
</body>
</html>