<?xml version="1.0" encoding="UTF-8"?>
<!-- Generated by org.testng.reporters.JUnitXMLReporter -->
<testsuite ignored="0" hostname="MACPK-WKS-0132" failures="0" tests="44" name="Default test" time="54.459" errors="0" timestamp="2021-03-08T18:01:07 PKT">
  <testcase classname="Master.ExecutionFile" name="@BeforeTest Startup" time="52.409">
    <failure type="org.openqa.selenium.InvalidArgumentException" message="invalid argument: log type &amp;apos;performance&amp;apos; not found
  (Session info: chrome=88.0.4324.190)
Build info: version: &amp;apos;3.141.59&amp;apos;, revision: &amp;apos;e82be7d358&amp;apos;, time: &amp;apos;2018-11-14T08:17:03&amp;apos;
System info: host: &amp;apos;MACPK-WKS-0132&amp;apos;, ip: &amp;apos;172.25.177.124&amp;apos;, os.name: &amp;apos;Windows 10&amp;apos;, os.arch: &amp;apos;amd64&amp;apos;, os.version: &amp;apos;10.0&amp;apos;, java.version: &amp;apos;12.0.2&amp;apos;
Driver info: org.openqa.selenium.chrome.ChromeDriver
Capabilities {acceptInsecureCerts: false, browserName: chrome, browserVersion: 88.0.4324.190, chrome: {chromedriverVersion: 88.0.4324.96 (68dba2d8a0b14..., userDataDir: C:\Users\MUHAMM~1.IFT\AppDa...}, goog:chromeOptions: {debuggerAddress: localhost:59356}, javascriptEnabled: true, networkConnectionEnabled: false, pageLoadStrategy: normal, platform: WINDOWS, platformName: WINDOWS, proxy: Proxy(), setWindowRect: true, strictFileInteractability: false, timeouts: {implicit: 0, pageLoad: 300000, script: 30000}, unhandledPromptBehavior: dismiss and notify, webauthn:extension:largeBlob: true, webauthn:virtualAuthenticators: true}
Session ID: 51ff3b9844cc02f3f5e6d1f0cd1889c2">
      <![CDATA[org.openqa.selenium.InvalidArgumentException: invalid argument: log type 'performance' not found
  (Session info: chrome=88.0.4324.190)
Build info: version: '3.141.59', revision: 'e82be7d358', time: '2018-11-14T08:17:03'
System info: host: 'MACPK-WKS-0132', ip: '172.25.177.124', os.name: 'Windows 10', os.arch: 'amd64', os.version: '10.0', java.version: '12.0.2'
Driver info: org.openqa.selenium.chrome.ChromeDriver
Capabilities {acceptInsecureCerts: false, browserName: chrome, browserVersion: 88.0.4324.190, chrome: {chromedriverVersion: 88.0.4324.96 (68dba2d8a0b14..., userDataDir: C:\Users\MUHAMM~1.IFT\AppDa...}, goog:chromeOptions: {debuggerAddress: localhost:59356}, javascriptEnabled: true, networkConnectionEnabled: false, pageLoadStrategy: normal, platform: WINDOWS, platformName: WINDOWS, proxy: Proxy(), setWindowRect: true, strictFileInteractability: false, timeouts: {implicit: 0, pageLoad: 300000, script: 30000}, unhandledPromptBehavior: dismiss and notify, webauthn:extension:largeBlob: true, webauthn:virtualAuthenticators: true}
Session ID: 51ff3b9844cc02f3f5e6d1f0cd1889c2
at java.base/jdk.internal.reflect.NativeConstructorAccessorImpl.newInstance0(Native Method)
at java.base/jdk.internal.reflect.NativeConstructorAccessorImpl.newInstance(NativeConstructorAccessorImpl.java:62)
at java.base/jdk.internal.reflect.DelegatingConstructorAccessorImpl.newInstance(DelegatingConstructorAccessorImpl.java:45)
at java.base/java.lang.reflect.Constructor.newInstanceWithCaller(Constructor.java:500)
at java.base/java.lang.reflect.Constructor.newInstance(Constructor.java:481)
at org.openqa.selenium.remote.http.W3CHttpResponseCodec.createException(W3CHttpResponseCodec.java:187)
at org.openqa.selenium.remote.http.W3CHttpResponseCodec.decode(W3CHttpResponseCodec.java:122)
at org.openqa.selenium.remote.http.W3CHttpResponseCodec.decode(W3CHttpResponseCodec.java:49)
at org.openqa.selenium.remote.HttpCommandExecutor.execute(HttpCommandExecutor.java:158)
at org.openqa.selenium.remote.service.DriverCommandExecutor.execute(DriverCommandExecutor.java:83)
at org.openqa.selenium.remote.RemoteWebDriver.execute(RemoteWebDriver.java:552)
at org.openqa.selenium.remote.RemoteExecuteMethod.execute(RemoteExecuteMethod.java:35)
at org.openqa.selenium.remote.RemoteLogs.getRemoteEntries(RemoteLogs.java:81)
at org.openqa.selenium.remote.RemoteLogs.get(RemoteLogs.java:77)
at TestCases.StartBrowser.StartupBrowser(StartBrowser.java:82)
at Master.ExecutionFile.Startup(ExecutionFile.java:65)
at java.base/jdk.internal.reflect.NativeMethodAccessorImpl.invoke0(Native Method)
at java.base/jdk.internal.reflect.NativeMethodAccessorImpl.invoke(NativeMethodAccessorImpl.java:62)
at java.base/jdk.internal.reflect.DelegatingMethodAccessorImpl.invoke(DelegatingMethodAccessorImpl.java:43)
at java.base/java.lang.reflect.Method.invoke(Method.java:567)
at org.testng.internal.MethodInvocationHelper.invokeMethod(MethodInvocationHelper.java:133)
at org.testng.internal.MethodInvocationHelper.invokeMethodConsideringTimeout(MethodInvocationHelper.java:62)
at org.testng.internal.ConfigInvoker.invokeConfigurationMethod(ConfigInvoker.java:340)
at org.testng.internal.ConfigInvoker.invokeConfigurations(ConfigInvoker.java:294)
at org.testng.TestRunner.invokeTestConfigurations(TestRunner.java:623)
at org.testng.TestRunner.beforeRun(TestRunner.java:613)
at org.testng.TestRunner.run(TestRunner.java:584)
at org.testng.SuiteRunner.runTest(SuiteRunner.java:402)
at org.testng.SuiteRunner.runSequentially(SuiteRunner.java:396)
at org.testng.SuiteRunner.privateRun(SuiteRunner.java:355)
at org.testng.SuiteRunner.run(SuiteRunner.java:304)
at org.testng.SuiteRunnerWorker.runSuite(SuiteRunnerWorker.java:53)
at org.testng.SuiteRunnerWorker.run(SuiteRunnerWorker.java:96)
at org.testng.TestNG.runSuitesSequentially(TestNG.java:1180)
at org.testng.TestNG.runSuitesLocally(TestNG.java:1102)
at org.testng.TestNG.runSuites(TestNG.java:1032)
at org.testng.TestNG.run(TestNG.java:1000)
at org.testng.remote.AbstractRemoteTestNG.run(AbstractRemoteTestNG.java:115)
at org.testng.remote.RemoteTestNG.initAndRun(RemoteTestNG.java:251)
at org.testng.remote.RemoteTestNG.main(RemoteTestNG.java:77)
]]>
    </failure>
  </testcase> <!-- @BeforeTest Startup -->
  <testcase classname="Master.ExecutionFile" name="@AfterMethod getResult" time="-1.615208465119E9">
    <skipped/>
  </testcase> <!-- @AfterMethod getResult -->
  <testcase classname="Master.ExecutionFile" name="@AfterMethod getResult" time="-1.615208465183E9">
    <skipped/>
  </testcase> <!-- @AfterMethod getResult -->
  <testcase classname="Master.ExecutionFile" name="@AfterMethod getResult" time="-1.615208465233E9">
    <skipped/>
  </testcase> <!-- @AfterMethod getResult -->
  <testcase classname="Master.ExecutionFile" name="@AfterMethod getResult" time="-1.615208465294E9">
    <skipped/>
  </testcase> <!-- @AfterMethod getResult -->
  <testcase classname="Master.ExecutionFile" name="@AfterMethod getResult" time="-1.615208465374E9">
    <skipped/>
  </testcase> <!-- @AfterMethod getResult -->
  <testcase classname="Master.ExecutionFile" name="@AfterMethod getResult" time="-1.615208465465E9">
    <skipped/>
  </testcase> <!-- @AfterMethod getResult -->
  <testcase classname="Master.ExecutionFile" name="@AfterMethod getResult" time="-1.615208465502E9">
    <skipped/>
  </testcase> <!-- @AfterMethod getResult -->
  <testcase classname="Master.ExecutionFile" name="@AfterMethod getResult" time="-1.615208465536E9">
    <skipped/>
  </testcase> <!-- @AfterMethod getResult -->
  <testcase classname="Master.ExecutionFile" name="@AfterMethod getResult" time="-1.615208465583E9">
    <skipped/>
  </testcase> <!-- @AfterMethod getResult -->
  <testcase classname="Master.ExecutionFile" name="@AfterMethod getResult" time="-1.615208465618E9">
    <skipped/>
  </testcase> <!-- @AfterMethod getResult -->
  <testcase classname="Master.ExecutionFile" name="@AfterMethod getResult" time="-1.615208465683E9">
    <skipped/>
  </testcase> <!-- @AfterMethod getResult -->
  <testcase classname="Master.ExecutionFile" name="@AfterMethod getResult" time="-1.615208465712E9">
    <skipped/>
  </testcase> <!-- @AfterMethod getResult -->
  <testcase classname="Master.ExecutionFile" name="@AfterMethod getResult" time="-1.615208465736E9">
    <skipped/>
  </testcase> <!-- @AfterMethod getResult -->
  <testcase classname="Master.ExecutionFile" name="@AfterMethod getResult" time="-1.615208465813E9">
    <skipped/>
  </testcase> <!-- @AfterMethod getResult -->
  <testcase classname="Master.ExecutionFile" name="@AfterMethod getResult" time="-1.615208465837E9">
    <skipped/>
  </testcase> <!-- @AfterMethod getResult -->
  <testcase classname="Master.ExecutionFile" name="@AfterMethod getResult" time="-1.615208465886E9">
    <skipped/>
  </testcase> <!-- @AfterMethod getResult -->
  <testcase classname="Master.ExecutionFile" name="@AfterMethod getResult" time="-1.61520846592E9">
    <skipped/>
  </testcase> <!-- @AfterMethod getResult -->
  <testcase classname="Master.ExecutionFile" name="@AfterMethod getResult" time="-1.61520846594E9">
    <skipped/>
  </testcase> <!-- @AfterMethod getResult -->
  <testcase classname="Master.ExecutionFile" name="@AfterMethod getResult" time="-1.615208465971E9">
    <skipped/>
  </testcase> <!-- @AfterMethod getResult -->
  <testcase classname="Master.ExecutionFile" name="@AfterMethod getResult" time="-1.615208466022E9">
    <skipped/>
  </testcase> <!-- @AfterMethod getResult -->
  <testcase classname="Master.ExecutionFile" name="@AfterMethod getResult" time="-1.615208466055E9">
    <skipped/>
  </testcase> <!-- @AfterMethod getResult -->
  <testcase classname="Master.ExecutionFile" name="@AfterMethod getResult" time="-1.615208466088E9">
    <skipped/>
  </testcase> <!-- @AfterMethod getResult -->
  <testcase classname="Master.ExecutionFile" name="@AfterMethod getResult" time="-1.615208466136E9">
    <skipped/>
  </testcase> <!-- @AfterMethod getResult -->
  <testcase classname="Master.ExecutionFile" name="@AfterMethod getResult" time="-1.615208466158E9">
    <skipped/>
  </testcase> <!-- @AfterMethod getResult -->
  <testcase classname="Master.ExecutionFile" name="@AfterMethod getResult" time="-1.615208466179E9">
    <skipped/>
  </testcase> <!-- @AfterMethod getResult -->
  <testcase classname="Master.ExecutionFile" name="@AfterMethod getResult" time="-1.615208466217E9">
    <skipped/>
  </testcase> <!-- @AfterMethod getResult -->
  <testcase classname="Master.ExecutionFile" name="@AfterMethod getResult" time="-1.615208466254E9">
    <skipped/>
  </testcase> <!-- @AfterMethod getResult -->
  <testcase classname="Master.ExecutionFile" name="@AfterMethod getResult" time="-1.615208466276E9">
    <skipped/>
  </testcase> <!-- @AfterMethod getResult -->
  <testcase classname="Master.ExecutionFile" name="@AfterMethod getResult" time="-1.615208466298E9">
    <skipped/>
  </testcase> <!-- @AfterMethod getResult -->
  <testcase classname="Master.ExecutionFile" name="@AfterMethod getResult" time="-1.61520846634E9">
    <skipped/>
  </testcase> <!-- @AfterMethod getResult -->
  <testcase classname="Master.ExecutionFile" name="@AfterMethod getResult" time="-1.61520846645E9">
    <skipped/>
  </testcase> <!-- @AfterMethod getResult -->
  <testcase classname="Master.ExecutionFile" name="@AfterMethod getResult" time="-1.615208466475E9">
    <skipped/>
  </testcase> <!-- @AfterMethod getResult -->
  <testcase classname="Master.ExecutionFile" name="@AfterMethod getResult" time="-1.615208466508E9">
    <skipped/>
  </testcase> <!-- @AfterMethod getResult -->
  <testcase classname="Master.ExecutionFile" name="@AfterMethod getResult" time="-1.615208466547E9">
    <skipped/>
  </testcase> <!-- @AfterMethod getResult -->
  <testcase classname="Master.ExecutionFile" name="@AfterMethod getResult" time="-1.615208466578E9">
    <skipped/>
  </testcase> <!-- @AfterMethod getResult -->
  <testcase classname="Master.ExecutionFile" name="@AfterMethod getResult" time="-1.615208466597E9">
    <skipped/>
  </testcase> <!-- @AfterMethod getResult -->
  <testcase classname="Master.ExecutionFile" name="@AfterMethod getResult" time="-1.615208466645E9">
    <skipped/>
  </testcase> <!-- @AfterMethod getResult -->
  <testcase classname="Master.ExecutionFile" name="@AfterMethod getResult" time="-1.615208466673E9">
    <skipped/>
  </testcase> <!-- @AfterMethod getResult -->
  <testcase classname="Master.ExecutionFile" name="@AfterMethod getResult" time="-1.615208466687E9">
    <skipped/>
  </testcase> <!-- @AfterMethod getResult -->
  <testcase classname="Master.ExecutionFile" name="@AfterMethod getResult" time="-1.615208466706E9">
    <skipped/>
  </testcase> <!-- @AfterMethod getResult -->
  <testcase classname="Master.ExecutionFile" name="@AfterMethod getResult" time="-1.615208466728E9">
    <skipped/>
  </testcase> <!-- @AfterMethod getResult -->
  <testcase classname="Master.ExecutionFile" name="@AfterMethod getResult" time="-1.615208466764E9">
    <skipped/>
  </testcase> <!-- @AfterMethod getResult -->
  <testcase classname="Master.ExecutionFile" name="@AfterMethod getResult" time="-1.61520846678E9">
    <skipped/>
  </testcase> <!-- @AfterMethod getResult -->
  <testcase classname="Master.ExecutionFile" name="@AfterMethod getResult" time="-1.615208466798E9">
    <skipped/>
  </testcase> <!-- @AfterMethod getResult -->
  <testcase classname="Master.ExecutionFile" name="@AfterTest endReport" time="-1.615208466807E9">
    <skipped/>
  </testcase> <!-- @AfterTest endReport -->
  <testcase classname="Master.ExecutionFile" name="LoginApp" time="0.001">
    <skipped/>
  </testcase> <!-- LoginApp -->
  <testcase classname="Master.ExecutionFile" name="Profile" time="0.0">
    <skipped/>
  </testcase> <!-- Profile -->
  <testcase classname="Master.ExecutionFile" name="EditVideos" time="0.0">
    <skipped/>
  </testcase> <!-- EditVideos -->
  <testcase classname="Master.ExecutionFile" name="EditAccount" time="0.0">
    <skipped/>
  </testcase> <!-- EditAccount -->
  <testcase classname="Master.ExecutionFile" name="EditPhotos" time="0.0">
    <skipped/>
  </testcase> <!-- EditPhotos -->
  <testcase classname="Master.ExecutionFile" name="EditPersonal" time="0.0">
    <skipped/>
  </testcase> <!-- EditPersonal -->
  <testcase classname="Master.ExecutionFile" name="EditPartner" time="0.0">
    <skipped/>
  </testcase> <!-- EditPartner -->
  <testcase classname="Master.ExecutionFile" name="EditSettings" time="0.0">
    <skipped/>
  </testcase> <!-- EditSettings -->
  <testcase classname="Master.ExecutionFile" name="EditVerification" time="0.0">
    <skipped/>
  </testcase> <!-- EditVerification -->
  <testcase classname="Master.ExecutionFile" name="Chat" time="0.0">
    <skipped/>
  </testcase> <!-- Chat -->
  <testcase classname="Master.ExecutionFile" name="BasicSearch" time="0.0">
    <skipped/>
  </testcase> <!-- BasicSearch -->
  <testcase classname="Master.ExecutionFile" name="AdvanceSearch" time="0.0">
    <skipped/>
  </testcase> <!-- AdvanceSearch -->
  <testcase classname="Master.ExecutionFile" name="PhotoGallery" time="0.0">
    <skipped/>
  </testcase> <!-- PhotoGallery -->
  <testcase classname="Master.ExecutionFile" name="VideoGallery" time="0.0">
    <skipped/>
  </testcase> <!-- VideoGallery -->
  <testcase classname="Master.ExecutionFile" name="OnlineMembers" time="0.0">
    <skipped/>
  </testcase> <!-- OnlineMembers -->
  <testcase classname="Master.ExecutionFile" name="RecentMembers" time="0.0">
    <skipped/>
  </testcase> <!-- RecentMembers -->
  <testcase classname="Master.ExecutionFile" name="VerifiedMembers" time="0.0">
    <skipped/>
  </testcase> <!-- VerifiedMembers -->
  <testcase classname="Master.ExecutionFile" name="NewestMembers" time="0.0">
    <skipped/>
  </testcase> <!-- NewestMembers -->
  <testcase classname="Master.ExecutionFile" name="FeaturedMembers" time="0.0">
    <skipped/>
  </testcase> <!-- FeaturedMembers -->
  <testcase classname="Master.ExecutionFile" name="MyMatchProspects" time="0.0">
    <skipped/>
  </testcase> <!-- MyMatchProspects -->
  <testcase classname="Master.ExecutionFile" name="mMFavouritesProspects" time="0.0">
    <skipped/>
  </testcase> <!-- mMFavouritesProspects -->
  <testcase classname="Master.ExecutionFile" name="FavoursMeProspects" time="0.0">
    <skipped/>
  </testcase> <!-- FavoursMeProspects -->
  <testcase classname="Master.ExecutionFile" name="MyViewedProspects" time="0.0">
    <skipped/>
  </testcase> <!-- MyViewedProspects -->
  <testcase classname="Master.ExecutionFile" name="ViewedMeProspects" time="0.0">
    <skipped/>
  </testcase> <!-- ViewedMeProspects -->
  <testcase classname="Master.ExecutionFile" name="MyBlockedProspects" time="0.0">
    <skipped/>
  </testcase> <!-- MyBlockedProspects -->
  <testcase classname="Master.ExecutionFile" name="SentMailMessages" time="0.0">
    <skipped/>
  </testcase> <!-- SentMailMessages -->
  <testcase classname="Master.ExecutionFile" name="ReceivedInterestsMessages" time="0.0">
    <skipped/>
  </testcase> <!-- ReceivedInterestsMessages -->
  <testcase classname="Master.ExecutionFile" name="SentInterestMessages" time="0.0">
    <skipped/>
  </testcase> <!-- SentInterestMessages -->
  <testcase classname="Master.ExecutionFile" name="ChatConversationsMessages" time="0.0">
    <skipped/>
  </testcase> <!-- ChatConversationsMessages -->
  <testcase classname="Master.ExecutionFile" name="OnlineSecuritySupport" time="0.0">
    <skipped/>
  </testcase> <!-- OnlineSecuritySupport -->
  <testcase classname="Master.ExecutionFile" name="RelationshipAdviceSupport" time="0.079">
    <skipped/>
  </testcase> <!-- RelationshipAdviceSupport -->
  <testcase classname="Master.ExecutionFile" name="HelpPagesSupport" time="0.0">
    <skipped/>
  </testcase> <!-- HelpPagesSupport -->
  <testcase classname="Master.ExecutionFile" name="TestimonialsSupport" time="0.0">
    <skipped/>
  </testcase> <!-- TestimonialsSupport -->
  <testcase classname="Master.ExecutionFile" name="AboutUsSupport" time="0.0">
    <skipped/>
  </testcase> <!-- AboutUsSupport -->
  <testcase classname="Master.ExecutionFile" name="ContactUsSupport" time="0.0">
    <skipped/>
  </testcase> <!-- ContactUsSupport -->
  <testcase classname="Master.ExecutionFile" name="Viewed" time="0.0">
    <skipped/>
  </testcase> <!-- Viewed -->
  <testcase classname="Master.ExecutionFile" name="Recent" time="0.001">
    <skipped/>
  </testcase> <!-- Recent -->
  <testcase classname="Master.ExecutionFile" name="Online" time="0.0">
    <skipped/>
  </testcase> <!-- Online -->
  <testcase classname="Master.ExecutionFile" name="Favours" time="0.0">
    <skipped/>
  </testcase> <!-- Favours -->
  <testcase classname="Master.ExecutionFile" name="Interests" time="0.0">
    <skipped/>
  </testcase> <!-- Interests -->
  <testcase classname="Master.ExecutionFile" name="Mail" time="0.0">
    <skipped/>
  </testcase> <!-- Mail -->
  <testcase classname="Master.ExecutionFile" name="Logout" time="0.0">
    <skipped/>
  </testcase> <!-- Logout -->
  <testcase classname="Master.ExecutionFile" name="SignUp" time="0.0">
    <skipped/>
  </testcase> <!-- SignUp -->
  <testcase classname="Master.ExecutionFile" name="ForgotPassword" time="0.0">
    <skipped/>
  </testcase> <!-- ForgotPassword -->
</testsuite> <!-- Default test -->
