<?xml version="1.0" encoding="UTF-8"?>
<!-- Generated by org.testng.reporters.JUnitXMLReporter -->
<testsuite ignored="0" hostname="MACPK-WKS-0132" failures="0" tests="14" name="Default test" time="173.579" errors="0" timestamp="2021-03-16T19:18:48 PKT">
  <testcase classname="Master.ExecutionFile" name="SignUp" time="51.406"/>
  <testcase classname="Master.ExecutionFile" name="Logout" time="11.33"/>
  <testcase classname="Master.ExecutionFile" name="ForgotPassword" time="9.97"/>
  <testcase classname="Master.ExecutionFile" name="ALoginApp" time="20.021"/>
  <testcase classname="Master.ExecutionFile" name="Viewed" time="1.276"/>
  <testcase classname="Master.ExecutionFile" name="Recent" time="2.771"/>
  <testcase classname="Master.ExecutionFile" name="Online" time="1.675"/>
  <testcase classname="Master.ExecutionFile" name="Favours" time="1.187"/>
  <testcase classname="Master.ExecutionFile" name="Interests" time="1.234"/>
  <testcase classname="Master.ExecutionFile" name="Mail" time="18.621"/>
  <testcase classname="Master.ExecutionFile" name="Chat" time="0.002"/>
  <testcase classname="Master.ExecutionFile" name="LogoutAdmin" time="11.166"/>
  <testcase classname="Master.ExecutionFile" name="LoginApp" time="12.555"/>
  <testcase classname="Master.ExecutionFile" name="Delete_User" time="18.765"/>
</testsuite> <!-- Default test -->
