<?xml version="1.0" encoding="UTF-8"?>
<!-- Generated by org.testng.reporters.JUnitXMLReporter -->
<testsuite ignored="0" hostname="MACPK-WKS-0132" failures="0" tests="39" name="Command line test" time="206.696" errors="0" timestamp="2021-03-01T13:30:39 PKT">
  <testcase classname="Master.ExecutionFile" name="LoginApp" time="28.715"/>
  <testcase classname="Master.ExecutionFile" name="Profile" time="19.063"/>
  <testcase classname="Master.ExecutionFile" name="EditAccount" time="17.158"/>
  <testcase classname="Master.ExecutionFile" name="EditPersonal" time="13.232"/>
  <testcase classname="Master.ExecutionFile" name="EditPartner" time="13.9"/>
  <testcase classname="Master.ExecutionFile" name="EditSettings" time="12.813"/>
  <testcase classname="Master.ExecutionFile" name="Chat" time="13.074"/>
  <testcase classname="Master.ExecutionFile" name="BasicSearch" time="4.443"/>
  <testcase classname="Master.ExecutionFile" name="AdvanceSearch" time="4.295"/>
  <testcase classname="Master.ExecutionFile" name="PhotoGallery" time="2.598"/>
  <testcase classname="Master.ExecutionFile" name="VideoGallery" time="1.103"/>
  <testcase classname="Master.ExecutionFile" name="OnlineMembers" time="1.277"/>
  <testcase classname="Master.ExecutionFile" name="RecentMembers" time="1.942"/>
  <testcase classname="Master.ExecutionFile" name="VerifiedMembers" time="1.673"/>
  <testcase classname="Master.ExecutionFile" name="NewestMembers" time="1.675"/>
  <testcase classname="Master.ExecutionFile" name="FeaturedMembers" time="1.855"/>
  <testcase classname="Master.ExecutionFile" name="MyMatchProspects" time="1.806"/>
  <testcase classname="Master.ExecutionFile" name="mMFavouritesProspects" time="1.402"/>
  <testcase classname="Master.ExecutionFile" name="FavoursMeProspects" time="1.256"/>
  <testcase classname="Master.ExecutionFile" name="MyViewedProspects" time="1.31"/>
  <testcase classname="Master.ExecutionFile" name="ViewedMeProspects" time="1.646"/>
  <testcase classname="Master.ExecutionFile" name="MyBlockedProspects" time="1.335"/>
  <testcase classname="Master.ExecutionFile" name="SentMailMessages" time="1.836"/>
  <testcase classname="Master.ExecutionFile" name="ReceivedInterestsMessages" time="1.313"/>
  <testcase classname="Master.ExecutionFile" name="SentInterestMessages" time="1.154"/>
  <testcase classname="Master.ExecutionFile" name="ChatConversationsMessages" time="3.283"/>
  <testcase classname="Master.ExecutionFile" name="OnlineSecuritySupport" time="1.488"/>
  <testcase classname="Master.ExecutionFile" name="RelationshipAdviceSupport" time="1.495"/>
  <testcase classname="Master.ExecutionFile" name="HelpPagesSupport" time="1.123"/>
  <testcase classname="Master.ExecutionFile" name="TestimonialsSupport" time="1.068"/>
  <testcase classname="Master.ExecutionFile" name="AboutUsSupport" time="1.228"/>
  <testcase classname="Master.ExecutionFile" name="ContactUsSupport" time="5.1"/>
  <testcase classname="Master.ExecutionFile" name="Viewed" time="1.097"/>
  <testcase classname="Master.ExecutionFile" name="Recent" time="1.683"/>
  <testcase classname="Master.ExecutionFile" name="Online" time="1.363"/>
  <testcase classname="Master.ExecutionFile" name="Favours" time="1.204"/>
  <testcase classname="Master.ExecutionFile" name="Interests" time="1.024"/>
  <testcase classname="Master.ExecutionFile" name="Mail" time="5.242"/>
  <testcase classname="Master.ExecutionFile" name="Logout" time="11.645"/>
</testsuite> <!-- Command line test -->
